<?xml version="1.0" encoding="UTF-8"?>
<testsuite xmlns:xsi="http://www.w3.org/2001/XMLSchema-instance" xsi:noNamespaceSchemaLocation="https://maven.apache.org/surefire/maven-surefire-plugin/xsd/surefire-test-report.xsd" name="org.apache.nifi.processors.mqtt.TestPublishMQTT" time="0.014" tests="5" errors="0" skipped="0" failures="0">
  <properties>
    <property name="sun.desktop" value="gnome"/>
    <property name="awt.toolkit" value="sun.awt.X11.XToolkit"/>
    <property name="file.encoding.pkg" value="sun.io"/>
    <property name="java.specification.version" value="1.8"/>
    <property name="sun.cpu.isalist" value=""/>
    <property name="sun.jnu.encoding" value="UTF-8"/>
    <property name="java.class.path" value="/root/Documents/kubernetes-pods/kubernetes-nifi-cluster/nifi-rel-nifi-1.6.0/nifi-nar-bundles/nifi-mqtt-bundle/nifi-mqtt-processors/target/test-classes:/root/Documents/kubernetes-pods/kubernetes-nifi-cluster/nifi-rel-nifi-1.6.0/nifi-nar-bundles/nifi-mqtt-bundle/nifi-mqtt-processors/target/classes:/root/.m2/repository/org/apache/nifi/nifi-api/1.6.0/nifi-api-1.6.0.jar:/root/.m2/repository/org/apache/nifi/nifi-processor-utils/1.6.0/nifi-processor-utils-1.6.0.jar:/root/.m2/repository/org/apache/nifi/nifi-utils/1.6.0/nifi-utils-1.6.0.jar:/root/.m2/repository/org/apache/nifi/nifi-security-utils/1.6.0/nifi-security-utils-1.6.0.jar:/root/.m2/repository/org/apache/commons/commons-lang3/3.7/commons-lang3-3.7.jar:/root/.m2/repository/org/bouncycastle/bcprov-jdk15on/1.59/bcprov-jdk15on-1.59.jar:/root/.m2/repository/org/bouncycastle/bcpkix-jdk15on/1.59/bcpkix-jdk15on-1.59.jar:/root/.m2/repository/org/apache/nifi/nifi-properties/1.6.0/nifi-properties-1.6.0.jar:/root/.m2/repository/com/fasterxml/jackson/core/jackson-databind/2.9.4/jackson-databind-2.9.4.jar:/root/.m2/repository/com/fasterxml/jackson/core/jackson-annotations/2.9.0/jackson-annotations-2.9.0.jar:/root/.m2/repository/com/fasterxml/jackson/core/jackson-core/2.9.4/jackson-core-2.9.4.jar:/root/.m2/repository/org/apache/nifi/nifi-ssl-context-service-api/1.6.0/nifi-ssl-context-service-api-1.6.0.jar:/root/.m2/repository/commons-io/commons-io/1.3.2/commons-io-1.3.2.jar:/root/.m2/repository/org/eclipse/paho/org.eclipse.paho.client.mqttv3/1.0.2/org.eclipse.paho.client.mqttv3-1.0.2.jar:/root/.m2/repository/io/moquette/moquette-broker/0.8.1/moquette-broker-0.8.1.jar:/root/.m2/repository/io/moquette/moquette-parser-commons/0.8.1/moquette-parser-commons-0.8.1.jar:/root/.m2/repository/io/moquette/moquette-netty-parser/0.8.1/moquette-netty-parser-0.8.1.jar:/root/.m2/repository/org/slf4j/slf4j-api/1.7.25/slf4j-api-1.7.25.jar:/root/.m2/repository/org/slf4j/slf4j-log4j12/1.7.25/slf4j-log4j12-1.7.25.jar:/root/.m2/repository/log4j/log4j/1.2.17/log4j-1.2.17.jar:/root/.m2/repository/io/netty/netty-common/4.0.33.Final/netty-common-4.0.33.Final.jar:/root/.m2/repository/io/netty/netty-buffer/4.0.33.Final/netty-buffer-4.0.33.Final.jar:/root/.m2/repository/io/netty/netty-transport/4.0.33.Final/netty-transport-4.0.33.Final.jar:/root/.m2/repository/io/netty/netty-handler/4.0.33.Final/netty-handler-4.0.33.Final.jar:/root/.m2/repository/io/netty/netty-codec/4.0.33.Final/netty-codec-4.0.33.Final.jar:/root/.m2/repository/io/netty/netty-codec-http/4.0.33.Final/netty-codec-http-4.0.33.Final.jar:/root/.m2/repository/commons-codec/commons-codec/1.10/commons-codec-1.10.jar:/root/.m2/repository/org/mapdb/mapdb/1.0.8/mapdb-1.0.8.jar:/root/.m2/repository/org/hdrhistogram/HdrHistogram/2.1.4/HdrHistogram-2.1.4.jar:/root/.m2/repository/org/apache/nifi/nifi-ssl-context-service/1.6.0/nifi-ssl-context-service-1.6.0.jar:/root/.m2/repository/org/apache/nifi/nifi-mock/1.6.0/nifi-mock-1.6.0.jar:/root/.m2/repository/org/apache/nifi/nifi-framework-api/1.6.0/nifi-framework-api-1.6.0.jar:/root/.m2/repository/org/apache/nifi/nifi-expression-language/1.6.0/nifi-expression-language-1.6.0.jar:/root/.m2/repository/org/antlr/antlr-runtime/3.5.2/antlr-runtime-3.5.2.jar:/root/.m2/repository/com/jayway/jsonpath/json-path/2.0.0/json-path-2.0.0.jar:/root/.m2/repository/net/minidev/json-smart/2.1.1/json-smart-2.1.1.jar:/root/.m2/repository/net/minidev/asm/1.0.2/asm-1.0.2.jar:/root/.m2/repository/org/apache/nifi/nifi-data-provenance-utils/1.6.0/nifi-data-provenance-utils-1.6.0.jar:/root/.m2/repository/org/apache/nifi/nifi-properties-loader/1.6.0/nifi-properties-loader-1.6.0.jar:/root/.m2/repository/ch/qos/logback/logback-classic/1.2.3/logback-classic-1.2.3.jar:/root/.m2/repository/ch/qos/logback/logback-core/1.2.3/logback-core-1.2.3.jar:/root/.m2/repository/org/slf4j/slf4j-simple/1.7.25/slf4j-simple-1.7.25.jar:/root/.m2/repository/junit/junit/4.12/junit-4.12.jar:/root/.m2/repository/org/hamcrest/hamcrest-core/1.3/hamcrest-core-1.3.jar:/root/.m2/repository/org/mockito/mockito-core/1.10.19/mockito-core-1.10.19.jar:/root/.m2/repository/org/objenesis/objenesis/2.1/objenesis-2.1.jar:/root/.m2/repository/org/codehaus/groovy/groovy-all/2.4.13/groovy-all-2.4.13.jar:"/>
    <property name="java.vm.vendor" value="Oracle Corporation"/>
    <property name="sun.arch.data.model" value="64"/>
    <property name="java.vendor.url" value="http://java.oracle.com/"/>
    <property name="user.timezone" value=""/>
    <property name="java.vm.specification.version" value="1.8"/>
    <property name="os.name" value="Linux"/>
    <property name="user.country" value="US"/>
    <property name="sun.java.launcher" value="SUN_STANDARD"/>
    <property name="sun.boot.library.path" value="/opt/jdk/jdk1.8.0_171/jre/lib/amd64"/>
    <property name="sun.java.command" value="/root/Documents/kubernetes-pods/kubernetes-nifi-cluster/nifi-rel-nifi-1.6.0/nifi-nar-bundles/nifi-mqtt-bundle/nifi-mqtt-processors/target/surefire/surefirebooter3343671793734944018.jar /root/Documents/kubernetes-pods/kubernetes-nifi-cluster/nifi-rel-nifi-1.6.0/nifi-nar-bundles/nifi-mqtt-bundle/nifi-mqtt-processors/target/surefire 2018-07-30T23-38-14_505-jvmRun1 surefire7998346832465685725tmp surefire_05034290131154314475tmp"/>
    <property name="surefire.test.class.path" value="/root/Documents/kubernetes-pods/kubernetes-nifi-cluster/nifi-rel-nifi-1.6.0/nifi-nar-bundles/nifi-mqtt-bundle/nifi-mqtt-processors/target/test-classes:/root/Documents/kubernetes-pods/kubernetes-nifi-cluster/nifi-rel-nifi-1.6.0/nifi-nar-bundles/nifi-mqtt-bundle/nifi-mqtt-processors/target/classes:/root/.m2/repository/org/apache/nifi/nifi-api/1.6.0/nifi-api-1.6.0.jar:/root/.m2/repository/org/apache/nifi/nifi-processor-utils/1.6.0/nifi-processor-utils-1.6.0.jar:/root/.m2/repository/org/apache/nifi/nifi-utils/1.6.0/nifi-utils-1.6.0.jar:/root/.m2/repository/org/apache/nifi/nifi-security-utils/1.6.0/nifi-security-utils-1.6.0.jar:/root/.m2/repository/org/apache/commons/commons-lang3/3.7/commons-lang3-3.7.jar:/root/.m2/repository/org/bouncycastle/bcprov-jdk15on/1.59/bcprov-jdk15on-1.59.jar:/root/.m2/repository/org/bouncycastle/bcpkix-jdk15on/1.59/bcpkix-jdk15on-1.59.jar:/root/.m2/repository/org/apache/nifi/nifi-properties/1.6.0/nifi-properties-1.6.0.jar:/root/.m2/repository/com/fasterxml/jackson/core/jackson-databind/2.9.4/jackson-databind-2.9.4.jar:/root/.m2/repository/com/fasterxml/jackson/core/jackson-annotations/2.9.0/jackson-annotations-2.9.0.jar:/root/.m2/repository/com/fasterxml/jackson/core/jackson-core/2.9.4/jackson-core-2.9.4.jar:/root/.m2/repository/org/apache/nifi/nifi-ssl-context-service-api/1.6.0/nifi-ssl-context-service-api-1.6.0.jar:/root/.m2/repository/commons-io/commons-io/1.3.2/commons-io-1.3.2.jar:/root/.m2/repository/org/eclipse/paho/org.eclipse.paho.client.mqttv3/1.0.2/org.eclipse.paho.client.mqttv3-1.0.2.jar:/root/.m2/repository/io/moquette/moquette-broker/0.8.1/moquette-broker-0.8.1.jar:/root/.m2/repository/io/moquette/moquette-parser-commons/0.8.1/moquette-parser-commons-0.8.1.jar:/root/.m2/repository/io/moquette/moquette-netty-parser/0.8.1/moquette-netty-parser-0.8.1.jar:/root/.m2/repository/org/slf4j/slf4j-api/1.7.25/slf4j-api-1.7.25.jar:/root/.m2/repository/org/slf4j/slf4j-log4j12/1.7.25/slf4j-log4j12-1.7.25.jar:/root/.m2/repository/log4j/log4j/1.2.17/log4j-1.2.17.jar:/root/.m2/repository/io/netty/netty-common/4.0.33.Final/netty-common-4.0.33.Final.jar:/root/.m2/repository/io/netty/netty-buffer/4.0.33.Final/netty-buffer-4.0.33.Final.jar:/root/.m2/repository/io/netty/netty-transport/4.0.33.Final/netty-transport-4.0.33.Final.jar:/root/.m2/repository/io/netty/netty-handler/4.0.33.Final/netty-handler-4.0.33.Final.jar:/root/.m2/repository/io/netty/netty-codec/4.0.33.Final/netty-codec-4.0.33.Final.jar:/root/.m2/repository/io/netty/netty-codec-http/4.0.33.Final/netty-codec-http-4.0.33.Final.jar:/root/.m2/repository/commons-codec/commons-codec/1.10/commons-codec-1.10.jar:/root/.m2/repository/org/mapdb/mapdb/1.0.8/mapdb-1.0.8.jar:/root/.m2/repository/org/hdrhistogram/HdrHistogram/2.1.4/HdrHistogram-2.1.4.jar:/root/.m2/repository/org/apache/nifi/nifi-ssl-context-service/1.6.0/nifi-ssl-context-service-1.6.0.jar:/root/.m2/repository/org/apache/nifi/nifi-mock/1.6.0/nifi-mock-1.6.0.jar:/root/.m2/repository/org/apache/nifi/nifi-framework-api/1.6.0/nifi-framework-api-1.6.0.jar:/root/.m2/repository/org/apache/nifi/nifi-expression-language/1.6.0/nifi-expression-language-1.6.0.jar:/root/.m2/repository/org/antlr/antlr-runtime/3.5.2/antlr-runtime-3.5.2.jar:/root/.m2/repository/com/jayway/jsonpath/json-path/2.0.0/json-path-2.0.0.jar:/root/.m2/repository/net/minidev/json-smart/2.1.1/json-smart-2.1.1.jar:/root/.m2/repository/net/minidev/asm/1.0.2/asm-1.0.2.jar:/root/.m2/repository/org/apache/nifi/nifi-data-provenance-utils/1.6.0/nifi-data-provenance-utils-1.6.0.jar:/root/.m2/repository/org/apache/nifi/nifi-properties-loader/1.6.0/nifi-properties-loader-1.6.0.jar:/root/.m2/repository/ch/qos/logback/logback-classic/1.2.3/logback-classic-1.2.3.jar:/root/.m2/repository/ch/qos/logback/logback-core/1.2.3/logback-core-1.2.3.jar:/root/.m2/repository/org/slf4j/slf4j-simple/1.7.25/slf4j-simple-1.7.25.jar:/root/.m2/repository/junit/junit/4.12/junit-4.12.jar:/root/.m2/repository/org/hamcrest/hamcrest-core/1.3/hamcrest-core-1.3.jar:/root/.m2/repository/org/mockito/mockito-core/1.10.19/mockito-core-1.10.19.jar:/root/.m2/repository/org/objenesis/objenesis/2.1/objenesis-2.1.jar:/root/.m2/repository/org/codehaus/groovy/groovy-all/2.4.13/groovy-all-2.4.13.jar:"/>
    <property name="sun.cpu.endian" value="little"/>
    <property name="user.home" value="/root"/>
    <property name="user.language" value="en"/>
    <property name="java.specification.vendor" value="Oracle Corporation"/>
    <property name="java.home" value="/opt/jdk/jdk1.8.0_171/jre"/>
    <property name="basedir" value="/root/Documents/kubernetes-pods/kubernetes-nifi-cluster/nifi-rel-nifi-1.6.0/nifi-nar-bundles/nifi-mqtt-bundle/nifi-mqtt-processors"/>
    <property name="file.separator" value="/"/>
    <property name="line.separator" value="&#10;"/>
    <property name="java.vm.specification.vendor" value="Oracle Corporation"/>
    <property name="java.specification.name" value="Java Platform API Specification"/>
    <property name="java.awt.graphicsenv" value="sun.awt.X11GraphicsEnvironment"/>
    <property name="java.awt.headless" value="true"/>
    <property name="surefire.real.class.path" value="/root/Documents/kubernetes-pods/kubernetes-nifi-cluster/nifi-rel-nifi-1.6.0/nifi-nar-bundles/nifi-mqtt-bundle/nifi-mqtt-processors/target/surefire/surefirebooter3343671793734944018.jar"/>
    <property name="sun.boot.class.path" value="/opt/jdk/jdk1.8.0_171/jre/lib/resources.jar:/opt/jdk/jdk1.8.0_171/jre/lib/rt.jar:/opt/jdk/jdk1.8.0_171/jre/lib/sunrsasign.jar:/opt/jdk/jdk1.8.0_171/jre/lib/jsse.jar:/opt/jdk/jdk1.8.0_171/jre/lib/jce.jar:/opt/jdk/jdk1.8.0_171/jre/lib/charsets.jar:/opt/jdk/jdk1.8.0_171/jre/lib/jfr.jar:/opt/jdk/jdk1.8.0_171/jre/classes"/>
    <property name="sun.management.compiler" value="HotSpot 64-Bit Tiered Compilers"/>
    <property name="java.runtime.version" value="1.8.0_171-b11"/>
    <property name="java.net.preferIPv4Stack" value="true"/>
    <property name="user.name" value="root"/>
    <property name="path.separator" value=":"/>
    <property name="os.version" value="4.15.0-kali2-amd64"/>
    <property name="java.endorsed.dirs" value="/opt/jdk/jdk1.8.0_171/jre/lib/endorsed"/>
    <property name="java.runtime.name" value="Java(TM) SE Runtime Environment"/>
    <property name="file.encoding" value="UTF-8"/>
    <property name="java.vm.name" value="Java HotSpot(TM) 64-Bit Server VM"/>
    <property name="localRepository" value="/root/.m2/repository"/>
    <property name="java.vendor.url.bug" value="http://bugreport.sun.com/bugreport/"/>
    <property name="java.io.tmpdir" value="/tmp"/>
    <property name="java.version" value="1.8.0_171"/>
    <property name="user.dir" value="/root/Documents/kubernetes-pods/kubernetes-nifi-cluster/nifi-rel-nifi-1.6.0/nifi-nar-bundles/nifi-mqtt-bundle/nifi-mqtt-processors"/>
    <property name="os.arch" value="amd64"/>
    <property name="java.vm.specification.name" value="Java Virtual Machine Specification"/>
    <property name="java.awt.printerjob" value="sun.print.PSPrinterJob"/>
    <property name="sun.os.patch.level" value="unknown"/>
    <property name="java.library.path" value="/usr/java/packages/lib/amd64:/usr/lib64:/lib64:/lib:/usr/lib"/>
    <property name="java.vm.info" value="mixed mode"/>
    <property name="java.vendor" value="Oracle Corporation"/>
    <property name="java.vm.version" value="25.171-b11"/>
    <property name="java.ext.dirs" value="/opt/jdk/jdk1.8.0_171/jre/lib/ext:/usr/java/packages/lib/ext"/>
    <property name="sun.io.unicode.encoding" value="UnicodeLittle"/>
    <property name="java.class.version" value="52.0"/>
  </properties>
  <testcase name="testQoS0" classname="org.apache.nifi.processors.mqtt.TestPublishMQTT" time="0"/>
  <testcase name="testQoS1" classname="org.apache.nifi.processors.mqtt.TestPublishMQTT" time="0"/>
  <testcase name="testQoS2" classname="org.apache.nifi.processors.mqtt.TestPublishMQTT" time="0"/>
  <testcase name="testRetainQoS2" classname="org.apache.nifi.processors.mqtt.TestPublishMQTT" time="0.007"/>
  <testcase name="testQoS2NotCleanSession" classname="org.apache.nifi.processors.mqtt.TestPublishMQTT" time="0.006"/>
</testsuite>